<?xml version="1.0" encoding="UTF-8"?>
<!-- Generated by org.testng.reporters.JUnitXMLReporter -->
<testsuite ignored="0" hostname="HLW-HGNC4M3" failures="1" tests="2" name="Car Quote Regression" time="55.001" errors="0" timestamp="2024-06-26T07:25:35 SAST">
  <testcase classname="com.sts.testautomation.CreateBuildingsNewQuote" name="Login" time="1.888"/>
  <testcase classname="com.sts.testautomation.CreateBuildingsNewQuote" name="clickOnAddANewQuote" time="44.23">
    <failure type="java.lang.AssertionError" message="The text: &amp;apos;Test Complex&amp;apos; could not be sent to Enter complex on Chrome">
      <![CDATA[java.lang.AssertionError: The text: 'Test Complex' could not be sent to Enter complex on Chrome
at org.junit.Assert.fail(Assert.java:88)
at com.sts.testautomation.utilities.ElementFunctionality.sendKeysSapiens(ElementFunctionality.java:74)
at com.sts.testautomation.pages.web.CreateQuotesBuilding.enterComplex(CreateQuotesBuilding.java:124)
at com.sts.testautomation.CreateBuildingsNewQuote.clickOnAddANewQuote(CreateBuildingsNewQuote.java:190)
at java.base/jdk.internal.reflect.NativeMethodAccessorImpl.invoke0(Native Method)
at java.base/jdk.internal.reflect.NativeMethodAccessorImpl.invoke(NativeMethodAccessorImpl.java:77)
at java.base/jdk.internal.reflect.DelegatingMethodAccessorImpl.invoke(DelegatingMethodAccessorImpl.java:43)
at java.base/java.lang.reflect.Method.invoke(Method.java:568)
at org.testng.internal.invokers.MethodInvocationHelper.invokeMethod(MethodInvocationHelper.java:135)
at org.testng.internal.invokers.TestInvoker.invokeMethod(TestInvoker.java:673)
at org.testng.internal.invokers.TestInvoker.invokeTestMethod(TestInvoker.java:220)
at org.testng.internal.invokers.MethodRunner.runInSequence(MethodRunner.java:50)
at org.testng.internal.invokers.TestInvoker$MethodInvocationAgent.invoke(TestInvoker.java:945)
at org.testng.internal.invokers.TestInvoker.invokeTestMethods(TestInvoker.java:193)
at org.testng.internal.invokers.TestMethodWorker.invokeTestMethods(TestMethodWorker.java:146)
at org.testng.internal.invokers.TestMethodWorker.run(TestMethodWorker.java:128)
at java.base/java.util.ArrayList.forEach(ArrayList.java:1511)
at org.testng.TestRunner.privateRun(TestRunner.java:808)
at org.testng.TestRunner.run(TestRunner.java:603)
at org.testng.SuiteRunner.runTest(SuiteRunner.java:429)
at org.testng.SuiteRunner.access$000(SuiteRunner.java:32)
at org.testng.SuiteRunner$SuiteWorker.run(SuiteRunner.java:467)
at org.testng.internal.thread.ThreadUtil.lambda$execute$0(ThreadUtil.java:58)
at java.base/java.util.concurrent.FutureTask.run(FutureTask.java:264)
at java.base/java.util.concurrent.ThreadPoolExecutor.runWorker(ThreadPoolExecutor.java:1136)
at java.base/java.util.concurrent.ThreadPoolExecutor$Worker.run(ThreadPoolExecutor.java:635)
at java.base/java.lang.Thread.run(Thread.java:840)
]]>
    </failure>
  </testcase> <!-- clickOnAddANewQuote -->
</testsuite> <!-- Car Quote Regression -->
