<?xml version="1.0" encoding="UTF-8"?>
<!-- Generated by org.testng.reporters.JUnitReportReporter -->
<testsuite hostname="HLW-BZD5GB3" failures="1" tests="12" name="com.sts.testautomation.CreateNewQuoteCars" time="3.171" errors="0" timestamp="2024-02-16T08:28:23 SAST" skipped="11">
  <testcase classname="com.sts.testautomation.CreateNewQuoteCars" name="Login" time="0.000">
    <skipped/>
  </testcase> <!-- Login -->
  <system-out/>
  <testcase classname="com.sts.testautomation.CreateNewQuoteCars" name="setupTest" time="3.169">
    <failure message="null" type="java.lang.AssertionError">
      <![CDATA[java.lang.AssertionError: null
at org.testng.Assert.fail(Assert.java:110)
at org.testng.Assert.fail(Assert.java:115)
at com.sts.testautomation.CreateNewQuoteCars.setupTest(CreateNewQuoteCars.java:67)
at java.base/jdk.internal.reflect.DirectMethodHandleAccessor.invoke(DirectMethodHandleAccessor.java:103)
at java.base/java.lang.reflect.Method.invoke(Method.java:580)
at org.testng.internal.invokers.MethodInvocationHelper.invokeMethod(MethodInvocationHelper.java:135)
at org.testng.internal.invokers.MethodInvocationHelper.invokeMethodConsideringTimeout(MethodInvocationHelper.java:65)
at org.testng.internal.invokers.ConfigInvoker.invokeConfigurationMethod(ConfigInvoker.java:381)
at org.testng.internal.invokers.ConfigInvoker.invokeConfigurations(ConfigInvoker.java:319)
at org.testng.internal.invokers.TestMethodWorker.invokeBeforeClassMethods(TestMethodWorker.java:178)
at org.testng.internal.invokers.TestMethodWorker.run(TestMethodWorker.java:122)
at java.base/java.util.ArrayList.forEach(ArrayList.java:1596)
at org.testng.TestRunner.privateRun(TestRunner.java:808)
at org.testng.TestRunner.run(TestRunner.java:603)
at org.testng.SuiteRunner.runTest(SuiteRunner.java:429)
at org.testng.SuiteRunner.runSequentially(SuiteRunner.java:423)
at org.testng.SuiteRunner.privateRun(SuiteRunner.java:383)
at org.testng.SuiteRunner.run(SuiteRunner.java:326)
at org.testng.SuiteRunnerWorker.runSuite(SuiteRunnerWorker.java:52)
at org.testng.SuiteRunnerWorker.run(SuiteRunnerWorker.java:95)
at org.testng.TestNG.runSuitesSequentially(TestNG.java:1249)
at org.testng.TestNG.runSuitesLocally(TestNG.java:1169)
at org.testng.TestNG.runSuites(TestNG.java:1092)
at org.testng.TestNG.run(TestNG.java:1060)
at org.testng.remote.AbstractRemoteTestNG.run(AbstractRemoteTestNG.java:115)
at org.testng.remote.RemoteTestNG.initAndRun(RemoteTestNG.java:251)
at org.testng.remote.RemoteTestNG.main(RemoteTestNG.java:77)
]]>
    </failure>
  </testcase> <!-- setupTest -->
  <system-out/>
  <testcase classname="com.sts.testautomation.CreateNewQuoteCars" name="ClickOnQuotesPoliciesAndClaims" time="0.000">
    <skipped/>
  </testcase> <!-- ClickOnQuotesPoliciesAndClaims -->
  <system-out/>
  <testcase classname="com.sts.testautomation.CreateNewQuoteCars" name="SearchForTypeOfPersonDetails" time="0.000">
    <skipped/>
  </testcase> <!-- SearchForTypeOfPersonDetails -->
  <system-out/>
  <testcase classname="com.sts.testautomation.CreateNewQuoteCars" name="SelectProductLineQuoteAndPreQuoteQuestions" time="0.000">
    <skipped/>
  </testcase> <!-- SelectProductLineQuoteAndPreQuoteQuestions -->
  <system-out/>
  <testcase classname="com.sts.testautomation.CreateNewQuoteCars" name="PreQuote_CarAddressDetails" time="0.000">
    <skipped/>
  </testcase> <!-- PreQuote_CarAddressDetails -->
  <system-out/>
  <testcase classname="com.sts.testautomation.CreateNewQuoteCars" name="CarDetails_Driver" time="0.001">
    <skipped/>
  </testcase> <!-- CarDetails_Driver -->
  <system-out/>
  <testcase classname="com.sts.testautomation.CreateNewQuoteCars" name="CarDetails" time="0.000">
    <skipped/>
  </testcase> <!-- CarDetails -->
  <system-out/>
  <testcase classname="com.sts.testautomation.CreateNewQuoteCars" name="DriverDetails_Driver" time="0.001">
    <skipped/>
  </testcase> <!-- DriverDetails_Driver -->
  <system-out/>
  <testcase classname="com.sts.testautomation.CreateNewQuoteCars" name="CreateQuote_AdditionalInformation" time="0.000">
    <skipped/>
  </testcase> <!-- CreateQuote_AdditionalInformation -->
  <system-out/>
  <testcase classname="com.sts.testautomation.CreateNewQuoteCars" name="Create_CoverSelection" time="0.000">
    <skipped/>
  </testcase> <!-- Create_CoverSelection -->
  <system-out/>
  <testcase classname="com.sts.testautomation.CreateNewQuoteCars" name="SelectOptionalBenefits" time="0.000">
    <skipped/>
  </testcase> <!-- SelectOptionalBenefits -->
  <system-out/>
</testsuite> <!-- com.sts.testautomation.CreateNewQuoteCars -->
