<?xml version="1.0" encoding="UTF-8"?>
<!-- Generated by org.testng.reporters.JUnitReportReporter -->
<testsuite hostname="HLW-BZD5GB3" failures="1" tests="3" name="com.sts.testautomation.CreateNewQuoteCarsRegressionMultipleCars2" time="23.515" errors="0" timestamp="2024-04-29T12:04:23 SAST" skipped="2">
  <testcase classname="com.sts.testautomation.CreateNewQuoteCarsRegressionMultipleCars2" name="Login" time="0.000">
    <skipped/>
  </testcase> <!-- Login -->
  <system-out/>
  <testcase classname="com.sts.testautomation.CreateNewQuoteCarsRegressionMultipleCars2" name="setupTest" time="23.515">
    <failure message="null" type="java.lang.AssertionError">
      <![CDATA[java.lang.AssertionError: null
at org.testng.Assert.fail(Assert.java:110)
at org.testng.Assert.fail(Assert.java:115)
at com.sts.testautomation.CreateNewQuoteCarsRegressionMultipleCars2.setupTest(CreateNewQuoteCarsRegressionMultipleCars2.java:88)
at java.base/jdk.internal.reflect.DirectMethodHandleAccessor.invoke(DirectMethodHandleAccessor.java:103)
at java.base/java.lang.reflect.Method.invoke(Method.java:580)
at org.testng.internal.invokers.MethodInvocationHelper.invokeMethod(MethodInvocationHelper.java:135)
at org.testng.internal.invokers.MethodInvocationHelper.invokeMethodConsideringTimeout(MethodInvocationHelper.java:65)
at org.testng.internal.invokers.ConfigInvoker.invokeConfigurationMethod(ConfigInvoker.java:381)
at org.testng.internal.invokers.ConfigInvoker.invokeConfigurations(ConfigInvoker.java:319)
at org.testng.internal.invokers.TestMethodWorker.invokeBeforeClassMethods(TestMethodWorker.java:178)
at org.testng.internal.invokers.TestMethodWorker.run(TestMethodWorker.java:122)
at java.base/java.util.ArrayList.forEach(ArrayList.java:1596)
at org.testng.TestRunner.privateRun(TestRunner.java:808)
at org.testng.TestRunner.run(TestRunner.java:603)
at org.testng.SuiteRunner.runTest(SuiteRunner.java:429)
at org.testng.SuiteRunner.access$000(SuiteRunner.java:32)
at org.testng.SuiteRunner$SuiteWorker.run(SuiteRunner.java:467)
at org.testng.internal.thread.ThreadUtil.lambda$execute$0(ThreadUtil.java:58)
at java.base/java.util.concurrent.FutureTask.run(FutureTask.java:317)
at java.base/java.util.concurrent.ThreadPoolExecutor.runWorker(ThreadPoolExecutor.java:1144)
at java.base/java.util.concurrent.ThreadPoolExecutor$Worker.run(ThreadPoolExecutor.java:642)
at java.base/java.lang.Thread.run(Thread.java:1583)
]]>
    </failure>
  </testcase> <!-- setupTest -->
  <system-out/>
  <testcase classname="com.sts.testautomation.CreateNewQuoteCarsRegressionMultipleCars2" name="ClickOnQuotesPoliciesAndClaims" time="0.000">
    <skipped/>
  </testcase> <!-- ClickOnQuotesPoliciesAndClaims -->
  <system-out/>
</testsuite> <!-- com.sts.testautomation.CreateNewQuoteCarsRegressionMultipleCars2 -->
